<?xml version="1.0" encoding="UTF-8"?>
<!-- Generated by org.testng.reporters.JUnitXMLReporter -->
<testsuite ignored="1" hostname="DESKTOP-VI4837A" failures="0" tests="2" name="Default test" time="11.589" errors="0" timestamp="2024-02-28T20:08:05 EST">
  <testcase classname="com.practice2024.DropDownPractice" name="registerToMTours" time="0.968"/>
  <testcase classname="com.practice2024.DropDownPractice" name="select_Country_Options_from_Dropdown" time="1.221"/>
  <testcase classname="com.practice2024.DropDownPractice" name="selectDropDown" time="0.0">
    <ignored/>
  </testcase> <!-- selectDropDown -->
</testsuite> <!-- Default test -->
